2025-07-02 21:12:30,470 - __main__ - INFO - 🚀 Iniciando CardioAI Pro - PTB-XL Edition...
2025-07-02 21:12:30,470 - __main__ - INFO - ✅ Modelo PTB-XL encontrado: /home/ubuntu/cardio_ai_repo/models/ecg_model_final.h5
2025-07-02 21:12:30.869449: I tensorflow/core/util/port.cc:153] oneDNN custom operations are on. You may see slightly different numerical results due to floating-point round-off errors from different computation orders. To turn them off, set the environment variable `TF_ENABLE_ONEDNN_OPTS=0`.
2025-07-02 21:12:30.870278: I external/local_xla/xla/tsl/cuda/cudart_stub.cc:32] Could not find cuda drivers on your machine, GPU will not be used.
2025-07-02 21:12:30.874334: I external/local_xla/xla/tsl/cuda/cudart_stub.cc:32] Could not find cuda drivers on your machine, GPU will not be used.
2025-07-02 21:12:30.885933: E external/local_xla/xla/stream_executor/cuda/cuda_fft.cc:467] Unable to register cuFFT factory: Attempting to register factory for plugin cuFFT when one has already been registered
WARNING: All log messages before absl::InitializeLog() is called are written to STDERR
E0000 00:00:1751505150.906282    7228 cuda_dnn.cc:8579] Unable to register cuDNN factory: Attempting to register factory for plugin cuDNN when one has already been registered
E0000 00:00:1751505150.912028    7228 cuda_blas.cc:1407] Unable to register cuBLAS factory: Attempting to register factory for plugin cuBLAS when one has already been registered
W0000 00:00:1751505150.928594    7228 computation_placer.cc:177] computation placer already registered. Please check linkage and avoid linking the same target more than once.
W0000 00:00:1751505150.928635    7228 computation_placer.cc:177] computation placer already registered. Please check linkage and avoid linking the same target more than once.
W0000 00:00:1751505150.928637    7228 computation_placer.cc:177] computation placer already registered. Please check linkage and avoid linking the same target more than once.
W0000 00:00:1751505150.928640    7228 computation_placer.cc:177] computation placer already registered. Please check linkage and avoid linking the same target more than once.
2025-07-02 21:12:30.934568: I tensorflow/core/platform/cpu_feature_guard.cc:210] This TensorFlow binary is optimized to use available CPU instructions in performance-critical operations.
To enable the following instructions: AVX2 AVX512F AVX512_VNNI FMA, in other operations, rebuild TensorFlow with the appropriate compiler flags.
2025-07-02 21:12:34,278 - __main__ - INFO - ✅ TensorFlow 2.19.0 disponível
2025-07-02 21:12:34,510 - __main__ - INFO - ✅ FastAPI 0.115.14 disponível
2025-07-02 21:12:34,510 - __main__ - INFO - ✅ OpenCV disponível
2025-07-02 21:12:34,541 - backend.app.services.ptbxl_model_service - INFO - Carregando modelo PTB-XL...
2025-07-02 21:12:34.549538: E external/local_xla/xla/stream_executor/cuda/cuda_platform.cc:51] failed call to cuInit: INTERNAL: CUDA error: Failed call to cuInit: UNKNOWN ERROR (303)
2025-07-02 21:12:34,746 - absl - WARNING - Compiled the loaded model, but the compiled metrics have yet to be built. `model.compile_metrics` will be empty until you train or evaluate the model.
2025-07-02 21:12:34,752 - backend.app.services.ptbxl_model_service - INFO - Modelo PTB-XL carregado com sucesso!
2025-07-02 21:12:34,752 - backend.app.services.ptbxl_model_service - INFO - Input shape: (None, 12, 1000)
2025-07-02 21:12:34,753 - backend.app.services.ptbxl_model_service - INFO - Output shape: (None, 71)
2025-07-02 21:12:34,753 - backend.app.services.ptbxl_model_service - INFO - Parâmetros: 757,511
2025-07-02 21:12:34,753 - backend.app.services.ptbxl_model_service - INFO - AUC: 0.9979
2025-07-02 21:12:34,753 - backend.app.services.ptbxl_model_service - INFO - Mapeamento de 71 classes carregado
2025-07-02 21:12:34,754 - __main__ - ERROR - ❌ Erro na execução: No module named 'app'
